<?xml version="1.0" encoding="UTF-8" standalone="no"?>
<testsuite failed="0" tests="1">
<testcase classname="Facebook Login" name="Login functionality exists" time="19212">
<system-out><![CDATA[Given I have open the browser........................................................passed
When I Open Facebook Site..........................................................passed
Then Login button Should Exsist.......................................................passed
Then Close the Browser...........................................................passed
]]></system-out>
</testcase>
</testsuite>
